[debug] ----------------------------------------------------------------------
[debug] Command:      /usr/local/Cellar/node/7.9.0/bin/node /usr/local/bin/firebase deploy
[debug] CLI Version:  3.8.0
[debug] Platform:     darwin
[debug] Node Version: v7.9.0
[debug] Time:         Fri May 19 2017 09:28:42 GMT-0600 (MDT)
[debug] ----------------------------------------------------------------------
[debug] 
[debug] > command requires scopes: ["email","openid","https://www.googleapis.com/auth/cloudplatformprojects.readonly","https://www.googleapis.com/auth/firebase","https://www.googleapis.com/auth/cloud-platform"]
[debug] > refreshing access token with scopes: ["email","https://www.googleapis.com/auth/cloud-platform","https://www.googleapis.com/auth/cloudplatformprojects.readonly","https://www.googleapis.com/auth/firebase","openid"]
[debug] >>> HTTP REQUEST POST https://www.googleapis.com/oauth2/v3/token { refresh_token: '1/tbLDsVOjZvLIYbgKUTQT64s-CqZN41g5vzI16DHChko',
  client_id: '563584335869-fgrhgmd47bqnekij5i8b5pr03ho849e6.apps.googleusercontent.com',
  client_secret: 'j9iVZfS8kkCEFUPaAeJV0sAi',
  grant_type: 'refresh_token',
  scope: 'email https://www.googleapis.com/auth/cloud-platform https://www.googleapis.com/auth/cloudplatformprojects.readonly https://www.googleapis.com/auth/firebase openid' } 
 Fri May 19 2017 09:28:42 GMT-0600 (MDT)
[debug] <<< HTTP RESPONSE 200
[debug] >>> HTTP REQUEST GET https://admin.firebase.com/v1/projects/tacocat-4d96e  
 Fri May 19 2017 09:28:43 GMT-0600 (MDT)
[debug] <<< HTTP RESPONSE 200
[debug] >>> HTTP REQUEST GET https://admin.firebase.com/v1/database/tacocat-4d96e/tokens  
 Fri May 19 2017 09:28:44 GMT-0600 (MDT)
[debug] <<< HTTP RESPONSE 200
[info] 
[info] === Deploying to 'tacocat-4d96e'...
[info] 
[info] i  deploying hosting
[info] i  hosting: preparing . directory for upload...
[debug] >>> HTTP REQUEST PUT https://deploy.firebase.com/v1/hosting/tacocat-4d96e/uploads/-KkWJoTD2g2iRyiSwX6g?fileCount=263&message=  
 Fri May 19 2017 09:28:48 GMT-0600 (MDT)
[debug] <<< HTTP RESPONSE 400
[debug] <<< HTTP RESPONSE BODY undefined
[debug] TypeError: Cannot read property 'error' of undefined
    at module.exports (/usr/local/lib/node_modules/firebase-tools/lib/responseToError.js:10:12)
    at Request._callback (/usr/local/lib/node_modules/firebase-tools/lib/api.js:39:25)
    at Request.self.callback (/usr/local/lib/node_modules/firebase-tools/node_modules/request/request.js:188:22)
    at emitTwo (events.js:106:13)
    at Request.emit (events.js:194:7)
    at Request.<anonymous> (/usr/local/lib/node_modules/firebase-tools/node_modules/request/request.js:1171:10)
    at emitOne (events.js:96:13)
    at Request.emit (events.js:191:7)
    at IncomingMessage.<anonymous> (/usr/local/lib/node_modules/firebase-tools/node_modules/request/request.js:1091:12)
    at Object.onceWrapper (events.js:293:19)
[error] 
[error] Error: An unexpected error has occurred.
